[2023-06-01 23:17:09 #19845.0]	INFO	Server is reloading all workers now
[2023-06-01 23:18:13 #19845.0]	INFO	Server is reloading all workers now
[2023-06-01 23:21:31 #19845.0]	INFO	Server is reloading all workers now
[2023-06-01 23:21:42 #19845.0]	INFO	Server is reloading all workers now
[2023-06-01 23:21:43 #19845.0]	INFO	Server is reloading all workers now
[2023-06-01 23:22:43 #19845.0]	INFO	Server is reloading all workers now
[2023-06-01 23:23:15 #19845.0]	INFO	Server is reloading all workers now
[2023-06-01 23:23:21 #19845.0]	INFO	Server is reloading all workers now
[2023-06-01 23:24:33 #19845.0]	INFO	Server is reloading all workers now
[2023-06-01 23:26:47 #19845.0]	INFO	Server is reloading all workers now
[2023-06-01 23:27:15 #19845.0]	INFO	Server is reloading all workers now
[2023-06-01 23:27:16 #19845.0]	INFO	Server is reloading all workers now
[2023-06-01 23:27:29 #19845.0]	INFO	Server is reloading all workers now
[2023-06-01 23:27:34 #19845.0]	INFO	Server is reloading all workers now
[2023-06-01 23:28:27 #19845.0]	INFO	Server is reloading all workers now
[2023-06-01 23:35:52 #19845.0]	INFO	Server is reloading all workers now
[2023-06-01 23:39:21 #19845.0]	INFO	Server is reloading all workers now
[2023-06-01 23:40:03 #19845.0]	INFO	Server is reloading all workers now
[2023-06-01 23:40:51 #19845.0]	INFO	Server is reloading all workers now
[2023-06-01 23:41:27 #19845.0]	INFO	Server is reloading all workers now
[2023-06-01 23:41:35 #19845.0]	INFO	Server is reloading all workers now
[2023-06-01 23:41:37 #19845.0]	INFO	Server is reloading all workers now
[2023-06-01 23:41:51 #19845.0]	INFO	Server is reloading all workers now
[2023-06-01 23:42:24 #19845.0]	INFO	Server is reloading all workers now
[2023-06-01 23:42:58 #19845.0]	INFO	Server is reloading all workers now
[2023-06-01 23:43:09 #19845.0]	INFO	Server is reloading all workers now
[2023-06-01 23:43:54 #19845.0]	INFO	Server is reloading all workers now
[2023-06-01 23:45:30 #19845.0]	INFO	Server is reloading all workers now
[2023-06-01 23:46:27 #19845.0]	INFO	Server is reloading all workers now
[2023-06-01 23:46:53 #19845.0]	INFO	Server is reloading all workers now
[2023-06-01 23:47:03 #19845.0]	INFO	Server is reloading all workers now
[2023-06-01 23:47:46 #19845.0]	INFO	Server is reloading all workers now
[2023-06-01 23:47:57 #19845.0]	INFO	Server is reloading all workers now
[2023-06-01 23:48:28 #19845.0]	INFO	Server is reloading all workers now
[2023-06-01 23:49:14 #19845.0]	INFO	Server is reloading all workers now
[2023-06-01 23:49:54 #19845.0]	INFO	Server is reloading all workers now
[2023-06-01 23:51:18 #19845.0]	INFO	Server is reloading all workers now
[2023-06-01 23:52:13 #19845.0]	INFO	Server is reloading all workers now
[2023-06-01 23:53:16 #19845.0]	INFO	Server is reloading all workers now
[2023-06-01 23:53:36 #19845.0]	INFO	Server is reloading all workers now
[2023-06-01 23:53:52 #19845.0]	INFO	Server is reloading all workers now
[2023-06-01 23:54:12 #19845.0]	INFO	Server is reloading all workers now
[2023-06-01 23:54:53 #19845.0]	INFO	Server is reloading all workers now
[2023-06-01 23:55:07 #19845.0]	INFO	Server is reloading all workers now
[2023-06-01 23:56:16 #19845.0]	INFO	Server is reloading all workers now
[2023-06-01 23:56:36 #19845.0]	INFO	Server is reloading all workers now
[2023-06-02 00:01:43 #19845.0]	INFO	Server is reloading all workers now
[2023-06-02 00:02:02 #19845.0]	INFO	Server is reloading all workers now
[2023-06-02 00:02:41 #19845.0]	INFO	Server is reloading all workers now
[2023-06-02 00:02:46 #19845.0]	INFO	Server is reloading all workers now
[2023-06-02 00:03:45 #19845.0]	INFO	Server is reloading all workers now
[2023-06-02 00:05:10 #19845.0]	INFO	Server is reloading all workers now
[2023-06-02 00:05:31 #19845.0]	INFO	Server is reloading all workers now
[2023-06-02 00:07:22 #19845.0]	INFO	Server is reloading all workers now
[2023-06-02 00:07:25 #19845.0]	INFO	Server is reloading all workers now
[2023-06-02 00:07:33 #19845.0]	INFO	Server is reloading all workers now
[2023-06-02 00:08:15 #19845.0]	INFO	Server is reloading all workers now
[2023-06-02 00:08:47 #19845.0]	INFO	Server is reloading all workers now
[2023-06-02 00:09:31 #19845.0]	INFO	Server is reloading all workers now
[2023-06-02 00:10:18 #19845.0]	INFO	Server is reloading all workers now
[2023-06-02 00:10:25 #19845.0]	INFO	Server is reloading all workers now
[2023-06-02 00:11:18 #19845.0]	INFO	Server is reloading all workers now
[2023-06-02 00:13:28 #19845.0]	INFO	Server is reloading all workers now
[2023-06-02 00:15:44 #19845.0]	INFO	Server is reloading all workers now
[2023-06-02 00:15:59 #19845.0]	INFO	Server is reloading all workers now
[2023-06-02 00:16:11 #19845.0]	INFO	Server is reloading all workers now
[2023-06-02 00:16:41 #19845.0]	INFO	Server is reloading all workers now
[2023-06-02 00:17:09 #19845.0]	INFO	Server is reloading all workers now
[2023-06-02 00:18:28 #19845.0]	INFO	Server is reloading all workers now
[2023-06-02 00:19:27 #19845.0]	INFO	Server is reloading all workers now
[2023-06-02 00:19:31 #19845.0]	INFO	Server is reloading all workers now
[2023-06-02 00:19:35 #19845.0]	INFO	Server is reloading all workers now
[2023-06-02 00:20:06 #19845.0]	INFO	Server is reloading all workers now
[2023-06-02 00:20:12 #19845.0]	INFO	Server is reloading all workers now
[2023-06-02 00:20:36 #19845.0]	INFO	Server is reloading all workers now
[2023-06-02 00:20:40 #19845.0]	INFO	Server is reloading all workers now
[2023-06-02 00:21:02 #19845.0]	INFO	Server is reloading all workers now
[2023-06-02 00:22:34 #19845.0]	INFO	Server is reloading all workers now
[2023-06-02 00:22:52 #19845.0]	INFO	Server is reloading all workers now
[2023-06-02 00:23:40 #19845.0]	INFO	Server is reloading all workers now
[2023-06-02 00:26:24 #19845.0]	INFO	Server is reloading all workers now
[2023-06-02 00:26:33 #19845.0]	INFO	Server is reloading all workers now
[2023-06-02 00:26:55 #19845.0]	INFO	Server is reloading all workers now
[2023-06-02 00:28:02 #19845.0]	INFO	Server is reloading all workers now
[2023-06-02 00:28:52 #19845.0]	INFO	Server is reloading all workers now
[2023-06-02 00:29:05 #19845.0]	INFO	Server is reloading all workers now
[2023-06-02 00:29:50 #19845.0]	INFO	Server is reloading all workers now
[2023-06-02 00:30:11 #19845.0]	INFO	Server is reloading all workers now
[2023-06-02 00:31:19 #19845.0]	INFO	Server is reloading all workers now
[2023-06-02 00:31:23 #19845.0]	INFO	Server is reloading all workers now
[2023-06-02 00:31:37 #19845.0]	INFO	Server is reloading all workers now
[2023-06-02 00:32:41 #19845.0]	INFO	Server is reloading all workers now
[2023-06-02 00:33:40 #19845.0]	INFO	Server is reloading all workers now
[2023-06-02 00:33:49 #19845.0]	INFO	Server is reloading all workers now
[2023-06-02 00:34:00 #19845.0]	INFO	Server is reloading all workers now
[2023-06-02 00:34:40 #19845.0]	INFO	Server is reloading all workers now
[2023-06-02 00:34:49 #19845.0]	INFO	Server is reloading all workers now
[2023-06-02 00:36:45 #19845.0]	INFO	Server is reloading all workers now
[2023-06-02 00:36:57 #19845.0]	INFO	Server is reloading all workers now
[2023-06-02 00:37:22 #19845.0]	INFO	Server is reloading all workers now
[2023-06-02 00:37:33 #19845.0]	INFO	Server is reloading all workers now
[2023-06-02 00:38:12 #19845.0]	INFO	Server is reloading all workers now
[2023-06-02 00:38:43 #19845.0]	INFO	Server is reloading all workers now
[2023-06-02 00:38:50 #19845.0]	INFO	Server is reloading all workers now
[2023-06-02 00:39:26 #19845.0]	INFO	Server is reloading all workers now
[2023-06-02 00:43:29 #19845.0]	INFO	Server is reloading all workers now
[2023-06-02 00:43:43 #19845.0]	INFO	Server is reloading all workers now
[2023-06-02 00:44:05 #19845.0]	INFO	Server is reloading all workers now
[2023-06-02 00:45:24 #19845.0]	INFO	Server is reloading all workers now
[2023-06-02 00:45:26 #19845.0]	INFO	Server is reloading all workers now
[2023-06-02 00:45:32 #19845.0]	INFO	Server is reloading all workers now
[2023-06-02 00:46:00 #19845.0]	INFO	Server is reloading all workers now
[2023-06-02 00:46:25 #19845.0]	INFO	Server is reloading all workers now
[2023-06-02 00:46:32 #19845.0]	INFO	Server is reloading all workers now
[2023-06-02 00:46:42 #19845.0]	INFO	Server is reloading all workers now
[2023-06-02 00:47:12 #19845.0]	INFO	Server is reloading all workers now
[2023-06-02 00:47:21 #19845.0]	INFO	Server is reloading all workers now
[2023-06-02 00:49:01 #19845.0]	INFO	Server is reloading all workers now
[2023-06-02 00:49:11 #19845.0]	INFO	Server is reloading all workers now
[2023-06-02 00:49:20 #19845.0]	INFO	Server is reloading all workers now
[2023-06-02 00:49:43 #19845.0]	INFO	Server is reloading all workers now
[2023-06-02 00:50:00 #19845.0]	INFO	Server is reloading all workers now
[2023-06-02 00:50:07 #19845.0]	INFO	Server is reloading all workers now
[2023-06-02 00:50:28 #19845.0]	INFO	Server is reloading all workers now
[2023-06-02 00:50:45 #19845.0]	INFO	Server is reloading all workers now
[2023-06-02 00:51:35 #19845.0]	INFO	Server is reloading all workers now
[2023-06-02 00:51:48 #19845.0]	INFO	Server is reloading all workers now
[2023-06-02 00:51:53 #19845.0]	INFO	Server is reloading all workers now
[2023-06-02 00:52:18 #19845.0]	INFO	Server is reloading all workers now
[2023-06-02 00:52:36 #19845.0]	INFO	Server is reloading all workers now
[2023-06-02 00:52:39 #19845.0]	INFO	Server is reloading all workers now
[2023-06-02 00:52:47 #19845.0]	INFO	Server is reloading all workers now
[2023-06-02 00:52:49 #19845.0]	INFO	Server is reloading all workers now
[2023-06-02 00:53:40 #19845.0]	INFO	Server is reloading all workers now
[2023-06-02 00:53:47 #19845.0]	INFO	Server is reloading all workers now
[2023-06-02 00:54:09 #19845.0]	INFO	Server is reloading all workers now
[2023-06-02 00:55:45 #19845.0]	INFO	Server is reloading all workers now
[2023-06-02 00:56:03 #19845.0]	INFO	Server is reloading all workers now
[2023-06-02 00:56:32 #19845.0]	INFO	Server is reloading all workers now
[2023-06-02 00:56:34 #19845.0]	INFO	Server is reloading all workers now
[2023-06-02 00:56:36 #19845.0]	INFO	Server is reloading all workers now
[2023-06-02 00:59:10 #19845.0]	INFO	Server is reloading all workers now
[2023-06-02 00:59:41 #19845.0]	INFO	Server is reloading all workers now
[2023-06-02 00:59:50 #19845.0]	INFO	Server is reloading all workers now
[2023-06-02 01:00:57 #19845.0]	INFO	Server is reloading all workers now
[2023-06-02 01:07:04 #19845.0]	INFO	Server is reloading all workers now
[2023-06-02 01:10:49 #19845.0]	INFO	Server is reloading all workers now
[2023-06-02 01:10:49 #19837.8]	WARNING	ReactorEpoll::del() (ERRNO 800): failed to delete events[fd=6, fd_type=1], it has already been removed
[2023-06-02 01:10:49 #19837.8]	WARNING	ReactorEpoll::del() (ERRNO 800): failed to delete events[fd=6, fd_type=1], it has already been removed
[2023-06-02 01:10:49 #19837.8]	WARNING	ReactorEpoll::del() (ERRNO 800): failed to delete events[fd=6, fd_type=1], it has already been removed
[2023-06-02 01:10:49 #19837.8]	WARNING	ReactorEpoll::del() (ERRNO 800): failed to delete events[fd=6, fd_type=1], it has already been removed
[2023-06-02 01:10:49 #19837.8]	WARNING	ReactorEpoll::del() (ERRNO 800): failed to delete events[fd=6, fd_type=1], it has already been removed
[2023-06-02 01:10:49 #19837.8]	WARNING	ReactorEpoll::del() (ERRNO 800): failed to delete events[fd=6, fd_type=1], it has already been removed
[2023-06-02 01:10:49 #19837.8]	WARNING	ReactorEpoll::del() (ERRNO 800): failed to delete events[fd=6, fd_type=1], it has already been removed
[2023-06-02 01:10:49 #19837.8]	WARNING	ReactorEpoll::del() (ERRNO 800): failed to delete events[fd=6, fd_type=1], it has already been removed
[2023-06-02 01:10:49 #19837.8]	WARNING	ReactorEpoll::del() (ERRNO 800): failed to delete events[fd=6, fd_type=1], it has already been removed
[2023-06-02 01:10:49 #19837.8]	WARNING	ReactorEpoll::del() (ERRNO 800): failed to delete events[fd=6, fd_type=1], it has already been removed
[2023-06-02 01:10:49 #19837.8]	WARNING	ReactorEpoll::del() (ERRNO 800): failed to delete events[fd=6, fd_type=1], it has already been removed
[2023-06-02 01:10:49 ^42582.8]	WARNING	Server::reply_task_result(): Server::finish() can only be used in the worker process
[2023-06-02 01:10:49 #19837.8]	WARNING	ReactorEpoll::del() (ERRNO 800): failed to delete events[fd=6, fd_type=1], it has already been removed
[2023-06-02 01:10:49 #19837.8]	WARNING	ReactorEpoll::del() (ERRNO 800): failed to delete events[fd=6, fd_type=1], it has already been removed
[2023-06-02 01:10:49 #19837.8]	WARNING	ReactorEpoll::del() (ERRNO 800): failed to delete events[fd=6, fd_type=1], it has already been removed
[2023-06-02 01:10:49 #19837.8]	WARNING	ReactorEpoll::del() (ERRNO 800): failed to delete events[fd=6, fd_type=1], it has already been removed
[2023-06-02 01:13:19 #42952.0]	INFO	Server is reloading all workers now
[2023-06-02 01:13:51 #42952.0]	INFO	Server is reloading all workers now
[2023-06-02 01:14:27 #42952.0]	INFO	Server is reloading all workers now
[2023-06-02 01:14:43 #42952.0]	INFO	Server is reloading all workers now
[2023-06-02 01:14:50 #42952.0]	INFO	Server is reloading all workers now
[2023-06-02 01:15:11 #42952.0]	INFO	Server is reloading all workers now
[2023-06-02 01:15:24 #42952.0]	INFO	Server is reloading all workers now
[2023-06-02 01:15:40 #42952.0]	INFO	Server is reloading all workers now
[2023-06-02 01:18:10 #42952.0]	INFO	Server is reloading all workers now
[2023-06-02 01:18:18 #42952.0]	INFO	Server is reloading all workers now
[2023-06-02 01:18:24 #42952.0]	INFO	Server is reloading all workers now
[2023-06-02 01:18:28 #42952.0]	INFO	Server is reloading all workers now
[2023-06-02 01:18:33 #42952.0]	INFO	Server is reloading all workers now
[2023-06-02 01:19:31 #42952.0]	INFO	Server is reloading all workers now
[2023-06-02 01:20:09 #42952.0]	INFO	Server is reloading all workers now
[2023-06-02 01:20:38 #42952.0]	INFO	Server is reloading all workers now
[2023-06-02 01:20:52 #42952.0]	INFO	Server is reloading all workers now
[2023-06-02 01:20:52 #42944.8]	WARNING	ReactorEpoll::del() (ERRNO 800): failed to delete events[fd=6, fd_type=1], it has already been removed
[2023-06-02 01:20:52 #42944.8]	WARNING	ReactorEpoll::del() (ERRNO 800): failed to delete events[fd=6, fd_type=1], it has already been removed
[2023-06-02 01:20:52 #42944.8]	WARNING	ReactorEpoll::del() (ERRNO 800): failed to delete events[fd=6, fd_type=1], it has already been removed
[2023-06-02 01:20:52 #42944.8]	WARNING	ReactorEpoll::del() (ERRNO 800): failed to delete events[fd=6, fd_type=1], it has already been removed
[2023-06-02 01:20:52 #42944.8]	WARNING	ReactorEpoll::del() (ERRNO 800): failed to delete events[fd=6, fd_type=1], it has already been removed
[2023-06-02 01:20:52 #42944.8]	WARNING	ReactorEpoll::del() (ERRNO 800): failed to delete events[fd=6, fd_type=1], it has already been removed
[2023-06-02 01:20:52 #42944.8]	WARNING	ReactorEpoll::del() (ERRNO 800): failed to delete events[fd=6, fd_type=1], it has already been removed
[2023-06-02 01:20:52 #42944.8]	WARNING	ReactorEpoll::del() (ERRNO 800): failed to delete events[fd=6, fd_type=1], it has already been removed
[2023-06-02 01:20:52 #42944.8]	WARNING	ReactorEpoll::del() (ERRNO 800): failed to delete events[fd=6, fd_type=1], it has already been removed
[2023-06-02 01:20:52 #42944.8]	WARNING	ReactorEpoll::del() (ERRNO 800): failed to delete events[fd=6, fd_type=1], it has already been removed
[2023-06-02 01:20:52 #42944.8]	WARNING	ReactorEpoll::del() (ERRNO 800): failed to delete events[fd=6, fd_type=1], it has already been removed
[2023-06-02 01:20:52 #42944.8]	WARNING	ReactorEpoll::del() (ERRNO 800): failed to delete events[fd=6, fd_type=1], it has already been removed
[2023-06-02 01:20:52 #42944.8]	WARNING	ReactorEpoll::del() (ERRNO 800): failed to delete events[fd=6, fd_type=1], it has already been removed
[2023-06-02 01:20:52 #42944.8]	WARNING	ReactorEpoll::del() (ERRNO 800): failed to delete events[fd=6, fd_type=1], it has already been removed
[2023-06-02 01:20:52 #42944.8]	WARNING	ReactorEpoll::del() (ERRNO 800): failed to delete events[fd=6, fd_type=1], it has already been removed
[2023-06-02 01:27:47 #46522.0]	INFO	Server is reloading all workers now
[2023-06-02 01:27:56 #46522.0]	INFO	Server is reloading all workers now
[2023-06-02 01:28:00 #46522.0]	INFO	Server is reloading all workers now
[2023-06-02 01:29:27 #46522.0]	INFO	Server is reloading all workers now
[2023-06-02 01:31:45 #46522.0]	INFO	Server is reloading all workers now
[2023-06-02 01:34:17 #46522.0]	INFO	Server is reloading all workers now
[2023-06-02 01:35:44 #46522.0]	INFO	Server is reloading all workers now
[2023-06-02 01:37:07 #46522.0]	INFO	Server is reloading all workers now
[2023-06-02 01:37:27 #46522.0]	INFO	Server is reloading all workers now
[2023-06-02 01:38:39 #46522.0]	INFO	Server is reloading all workers now
[2023-06-02 01:39:00 #46522.0]	INFO	Server is reloading all workers now
[2023-06-02 01:39:18 #46522.0]	INFO	Server is reloading all workers now
[2023-06-02 01:39:48 #46522.0]	INFO	Server is reloading all workers now
[2023-06-02 01:39:54 #46522.0]	INFO	Server is reloading all workers now
[2023-06-02 01:40:05 #46522.0]	INFO	Server is reloading all workers now
[2023-06-02 01:40:41 #46522.0]	INFO	Server is reloading all workers now
[2023-06-02 01:40:48 #46522.0]	INFO	Server is reloading all workers now
[2023-06-02 01:41:29 #46522.0]	INFO	Server is reloading all workers now
[2023-06-02 01:42:23 #46522.0]	INFO	Server is reloading all workers now
[2023-06-02 01:45:27 #46522.0]	INFO	Server is reloading all workers now
[2023-06-02 01:45:42 #46522.0]	INFO	Server is reloading all workers now
[2023-06-02 01:45:51 #46522.0]	INFO	Server is reloading all workers now
[2023-06-02 01:46:05 #46522.0]	INFO	Server is reloading all workers now
[2023-06-02 01:46:23 #46522.0]	INFO	Server is reloading all workers now
[2023-06-02 01:46:58 #46522.0]	INFO	Server is reloading all workers now
[2023-06-02 01:47:02 *52717.2]	ERROR	php_swoole_server_rshutdown() (ERRNO 503): Fatal error: Access level to App\Mail\GenerateMail::$subject must be public (as in class Illuminate\Mail\Mailable) in /home/nichiuser/Projects/Laravel/performance-api/app/Mail/GenerateMail.php on line 12
[2023-06-02 01:47:02 #46522.0]	WARNING	Server::check_worker_exit_status(): worker(pid=52717, id=2) abnormal exit, status=255, signal=0
[2023-06-02 01:47:45 #46522.0]	INFO	Server is reloading all workers now
[2023-06-02 01:49:29 #46522.0]	INFO	Server is reloading all workers now
[2023-06-02 01:51:46 #46522.0]	INFO	Server is reloading all workers now
[2023-06-02 01:53:08 #46522.0]	INFO	Server is reloading all workers now
[2023-06-02 01:53:14 #46522.0]	INFO	Server is reloading all workers now
[2023-06-02 01:54:01 #46522.0]	INFO	Server is reloading all workers now
[2023-06-02 01:54:46 #46522.0]	INFO	Server is reloading all workers now
[2023-06-02 01:54:57 #46522.0]	INFO	Server is reloading all workers now
[2023-06-02 01:57:05 #46522.0]	INFO	Server is reloading all workers now
[2023-06-02 01:57:38 #46522.0]	INFO	Server is reloading all workers now
[2023-06-02 01:58:01 #46522.0]	INFO	Server is reloading all workers now
[2023-06-02 02:00:10 #46522.0]	INFO	Server is reloading all workers now
[2023-06-02 02:00:21 #46522.0]	INFO	Server is reloading all workers now
[2023-06-02 02:01:42 #46522.0]	INFO	Server is reloading all workers now
[2023-06-02 02:01:49 #46522.0]	INFO	Server is reloading all workers now
[2023-06-02 02:03:28 #46522.0]	INFO	Server is reloading all workers now
[2023-06-02 02:04:33 #46522.0]	INFO	Server is reloading all workers now
[2023-06-02 02:04:35 #46522.0]	INFO	Server is reloading all workers now
[2023-06-02 02:04:37 #46522.0]	INFO	Server is reloading all workers now
[2023-06-02 02:06:29 #46522.0]	INFO	Server is reloading all workers now
[2023-06-02 02:06:56 #46522.0]	INFO	Server is reloading all workers now
[2023-06-02 02:07:02 #46522.0]	INFO	Server is reloading all workers now
[2023-06-02 02:07:37 #46522.0]	INFO	Server is reloading all workers now
[2023-06-02 02:07:52 #46522.0]	INFO	Server is reloading all workers now
[2023-06-02 02:07:57 #46522.0]	INFO	Server is reloading all workers now
[2023-06-02 02:08:17 #46522.0]	INFO	Server is reloading all workers now
[2023-06-02 02:08:53 #46522.0]	INFO	Server is reloading all workers now
[2023-06-02 02:11:06 #46522.0]	INFO	Server is reloading all workers now
[2023-06-02 02:11:30 #46522.0]	INFO	Server is reloading all workers now
[2023-06-02 02:11:57 #46522.0]	INFO	Server is reloading all workers now
[2023-06-02 02:12:06 #46522.0]	INFO	Server is reloading all workers now
[2023-06-02 02:12:24 #46522.0]	INFO	Server is reloading all workers now
[2023-06-02 02:13:19 #46522.0]	INFO	Server is reloading all workers now
[2023-06-02 02:14:03 #46522.0]	INFO	Server is reloading all workers now
[2023-06-02 02:14:08 #46522.0]	INFO	Server is reloading all workers now
[2023-06-02 02:14:46 #46522.0]	INFO	Server is reloading all workers now
[2023-06-02 02:15:18 #46522.0]	INFO	Server is reloading all workers now
[2023-06-02 02:15:28 #46522.0]	INFO	Server is reloading all workers now
[2023-06-02 02:16:25 #46522.0]	INFO	Server is reloading all workers now
[2023-06-02 02:16:37 #46522.0]	INFO	Server is reloading all workers now
[2023-06-02 02:16:44 #46522.0]	INFO	Server is reloading all workers now
[2023-06-02 02:17:00 #46522.0]	INFO	Server is reloading all workers now
[2023-06-02 02:19:36 #46522.0]	INFO	Server is reloading all workers now
[2023-06-02 02:19:54 #46522.0]	INFO	Server is reloading all workers now
[2023-06-02 02:20:21 #46522.0]	INFO	Server is reloading all workers now
[2023-06-02 02:21:36 #46522.0]	INFO	Server is reloading all workers now
[2023-06-02 02:21:49 #46522.0]	INFO	Server is reloading all workers now
[2023-06-02 02:22:06 #46522.0]	INFO	Server is reloading all workers now
[2023-06-02 02:22:28 #46522.0]	INFO	Server is reloading all workers now
[2023-06-02 02:22:42 #46522.0]	INFO	Server is reloading all workers now
[2023-06-02 02:22:59 #46522.0]	INFO	Server is reloading all workers now
[2023-06-02 02:23:16 #46522.0]	INFO	Server is reloading all workers now
[2023-06-02 02:26:50 #46522.0]	INFO	Server is reloading all workers now
[2023-06-02 02:27:01 #46522.0]	INFO	Server is reloading all workers now
[2023-06-02 02:28:31 #46522.0]	INFO	Server is reloading all workers now
[2023-06-02 13:08:55 #46522.0]	INFO	Server is reloading all workers now
[2023-06-02 13:09:31 #46522.0]	INFO	Server is reloading all workers now
[2023-06-02 13:11:01 #46522.0]	INFO	Server is reloading all workers now
[2023-06-02 13:11:32 #46522.0]	INFO	Server is reloading all workers now
[2023-06-02 13:16:47 #46522.0]	INFO	Server is reloading all workers now
[2023-06-02 13:17:05 #46522.0]	INFO	Server is reloading all workers now
[2023-06-02 13:18:30 #46522.0]	INFO	Server is reloading all workers now
[2023-06-02 13:19:30 #46522.0]	INFO	Server is reloading all workers now
[2023-06-02 13:20:29 #46522.0]	INFO	Server is reloading all workers now
[2023-06-02 13:21:20 #46522.0]	INFO	Server is reloading all workers now
[2023-06-02 13:21:44 #46522.0]	INFO	Server is reloading all workers now
[2023-06-02 13:22:54 #46522.0]	INFO	Server is reloading all workers now
[2023-06-02 13:23:16 #46522.0]	INFO	Server is reloading all workers now
[2023-06-02 13:24:27 #46522.0]	INFO	Server is reloading all workers now
[2023-06-02 13:24:53 #46522.0]	INFO	Server is reloading all workers now
[2023-06-02 13:25:12 #46522.0]	INFO	Server is reloading all workers now
[2023-06-02 13:25:40 #46522.0]	INFO	Server is reloading all workers now
[2023-06-02 13:27:40 #46522.0]	INFO	Server is reloading all workers now
[2023-06-02 13:29:20 #46522.0]	INFO	Server is reloading all workers now
[2023-06-02 13:30:14 #46522.0]	INFO	Server is reloading all workers now
[2023-06-02 13:30:19 #46522.0]	INFO	Server is reloading all workers now
[2023-06-02 13:30:34 #46522.0]	INFO	Server is reloading all workers now
[2023-06-02 13:30:36 #46522.0]	INFO	Server is reloading all workers now
[2023-06-02 13:30:38 #46522.0]	INFO	Server is reloading all workers now
[2023-06-02 13:30:40 #46522.0]	INFO	Server is reloading all workers now
[2023-06-02 13:30:45 #46522.0]	INFO	Server is reloading all workers now
[2023-06-02 13:30:51 #46522.0]	INFO	Server is reloading all workers now
[2023-06-02 13:30:55 #46522.0]	INFO	Server is reloading all workers now
[2023-06-02 13:32:11 #46522.0]	INFO	Server is reloading all workers now
[2023-06-02 13:33:09 #46522.0]	INFO	Server is reloading all workers now
[2023-06-02 13:33:17 #46522.0]	INFO	Server is reloading all workers now
[2023-06-02 13:33:43 #46522.0]	INFO	Server is reloading all workers now
[2023-06-02 13:33:46 #46522.0]	INFO	Server is reloading all workers now
[2023-06-02 13:34:00 #46522.0]	INFO	Server is reloading all workers now
[2023-06-02 13:34:29 #46522.0]	INFO	Server is reloading all workers now
[2023-06-02 13:35:14 #46522.0]	INFO	Server is reloading all workers now
[2023-06-02 13:35:43 #46522.0]	INFO	Server is reloading all workers now
[2023-06-02 13:35:56 #46522.0]	INFO	Server is reloading all workers now
[2023-06-02 13:37:36 #46522.0]	INFO	Server is reloading all workers now
[2023-06-02 13:40:00 #46522.0]	INFO	Server is reloading all workers now
[2023-06-02 13:40:39 #46522.0]	INFO	Server is reloading all workers now
[2023-06-02 13:41:08 #46522.0]	INFO	Server is reloading all workers now
[2023-06-02 13:41:37 #46522.0]	INFO	Server is reloading all workers now
[2023-06-02 13:41:53 #46522.0]	INFO	Server is reloading all workers now
[2023-06-02 13:42:21 #46522.0]	INFO	Server is reloading all workers now
[2023-06-02 13:42:52 #46522.0]	INFO	Server is reloading all workers now
[2023-06-02 13:42:56 #46522.0]	INFO	Server is reloading all workers now
[2023-06-02 13:43:12 #46522.0]	INFO	Server is reloading all workers now
[2023-06-02 13:44:29 #46522.0]	INFO	Server is reloading all workers now
[2023-06-02 13:44:47 #46522.0]	INFO	Server is reloading all workers now
[2023-06-02 13:44:56 #46522.0]	INFO	Server is reloading all workers now
[2023-06-02 13:45:06 #46522.0]	INFO	Server is reloading all workers now
[2023-06-02 13:45:09 #46522.0]	INFO	Server is reloading all workers now
[2023-06-02 13:45:21 #46522.0]	INFO	Server is reloading all workers now
[2023-06-02 13:45:49 #46522.0]	INFO	Server is reloading all workers now
[2023-06-02 13:46:05 #46522.0]	INFO	Server is reloading all workers now
[2023-06-02 13:46:42 #46522.0]	INFO	Server is reloading all workers now
[2023-06-02 13:51:37 #46522.0]	INFO	Server is reloading all workers now
[2023-06-02 13:52:19 #46522.0]	INFO	Server is reloading all workers now
[2023-06-02 13:53:25 #46522.0]	INFO	Server is reloading all workers now
[2023-06-02 13:53:34 #46522.0]	INFO	Server is reloading all workers now
[2023-06-02 13:53:37 #46522.0]	INFO	Server is reloading all workers now
[2023-06-02 13:53:52 #46522.0]	INFO	Server is reloading all workers now
[2023-06-02 13:53:56 #46522.0]	INFO	Server is reloading all workers now
[2023-06-02 13:54:37 #46522.0]	INFO	Server is reloading all workers now
[2023-06-02 13:56:28 #46522.0]	INFO	Server is reloading all workers now
[2023-06-02 13:57:11 #46522.0]	INFO	Server is reloading all workers now
[2023-06-02 13:57:37 #46522.0]	INFO	Server is reloading all workers now
[2023-06-02 13:58:30 #46522.0]	INFO	Server is reloading all workers now
[2023-06-02 13:59:43 #82724.0]	INFO	Server is reloading all workers now
[2023-06-02 14:00:24 #82724.0]	INFO	Server is reloading all workers now
[2023-06-02 14:00:35 #82724.0]	INFO	Server is reloading all workers now
[2023-06-02 14:01:03 #82724.0]	INFO	Server is reloading all workers now
[2023-06-02 14:01:11 #82724.0]	INFO	Server is reloading all workers now
[2023-06-02 14:01:32 #82724.0]	INFO	Server is reloading all workers now
[2023-06-02 14:01:45 #82724.0]	INFO	Server is reloading all workers now
[2023-06-02 14:03:11 #82724.0]	INFO	Server is reloading all workers now
[2023-06-02 14:03:23 #82724.0]	INFO	Server is reloading all workers now
[2023-06-02 14:05:10 #82724.0]	INFO	Server is reloading all workers now
[2023-06-02 14:05:35 #82724.0]	INFO	Server is reloading all workers now
[2023-06-02 14:05:42 #82724.0]	INFO	Server is reloading all workers now
[2023-06-02 14:05:54 #82724.0]	INFO	Server is reloading all workers now
[2023-06-02 14:06:02 #82724.0]	INFO	Server is reloading all workers now
[2023-06-02 14:06:09 #82724.0]	INFO	Server is reloading all workers now
[2023-06-02 14:07:00 #82724.0]	INFO	Server is reloading all workers now
[2023-06-02 14:07:02 #82724.0]	INFO	Server is reloading all workers now
[2023-06-02 14:07:56 #82724.0]	INFO	Server is reloading all workers now
[2023-06-02 14:10:04 #82724.0]	INFO	Server is reloading all workers now
[2023-06-02 14:10:54 #82724.0]	INFO	Server is reloading all workers now
[2023-06-02 14:14:07 #82724.0]	INFO	Server is reloading all workers now
[2023-06-02 14:14:16 #82724.0]	INFO	Server is reloading all workers now
[2023-06-02 14:14:21 #82724.0]	INFO	Server is reloading all workers now
[2023-06-02 14:14:34 #82724.0]	INFO	Server is reloading all workers now
[2023-06-02 14:14:39 #82724.0]	INFO	Server is reloading all workers now
[2023-06-02 14:19:13 #82724.0]	INFO	Server is reloading all workers now
[2023-06-02 14:51:09 #82724.0]	INFO	Server is reloading all workers now
[2023-06-02 14:51:46 #82724.0]	INFO	Server is reloading all workers now
[2023-06-02 14:54:13 #82724.0]	INFO	Server is reloading all workers now
[2023-06-02 14:56:33 #82724.0]	INFO	Server is reloading all workers now
[2023-06-02 14:56:33 #82724.0]	INFO	Server is reloading all workers now
[2023-06-02 14:56:46 #82724.0]	INFO	Server is reloading all workers now
[2023-06-02 14:57:01 #82724.0]	INFO	Server is reloading all workers now
[2023-06-02 15:03:05 #82724.0]	INFO	Server is reloading all workers now
[2023-06-02 15:03:05 #82716.8]	WARNING	ReactorEpoll::del() (ERRNO 800): failed to delete events[fd=6, fd_type=1], it has already been removed
[2023-06-02 15:03:05 #82716.8]	WARNING	ReactorEpoll::del() (ERRNO 800): failed to delete events[fd=6, fd_type=1], it has already been removed
[2023-06-02 15:03:05 #82716.8]	WARNING	ReactorEpoll::del() (ERRNO 800): failed to delete events[fd=6, fd_type=1], it has already been removed
[2023-06-02 15:03:05 #82716.8]	WARNING	ReactorEpoll::del() (ERRNO 800): failed to delete events[fd=6, fd_type=1], it has already been removed
[2023-06-02 15:03:05 #82716.8]	WARNING	ReactorEpoll::del() (ERRNO 800): failed to delete events[fd=6, fd_type=1], it has already been removed
[2023-06-02 15:03:05 #82716.8]	WARNING	ReactorEpoll::del() (ERRNO 800): failed to delete events[fd=6, fd_type=1], it has already been removed
[2023-06-02 15:03:05 #82716.8]	WARNING	ReactorEpoll::del() (ERRNO 800): failed to delete events[fd=6, fd_type=1], it has already been removed
[2023-06-02 15:03:05 #82716.8]	WARNING	ReactorEpoll::del() (ERRNO 800): failed to delete events[fd=6, fd_type=1], it has already been removed
[2023-06-02 15:03:05 #82716.8]	WARNING	ReactorEpoll::del() (ERRNO 800): failed to delete events[fd=6, fd_type=1], it has already been removed
[2023-06-02 15:03:05 #82716.8]	WARNING	ReactorEpoll::del() (ERRNO 800): failed to delete events[fd=6, fd_type=1], it has already been removed
[2023-06-02 15:03:05 #82716.8]	WARNING	ReactorEpoll::del() (ERRNO 800): failed to delete events[fd=6, fd_type=1], it has already been removed
[2023-06-02 15:03:05 #82716.8]	WARNING	ReactorEpoll::del() (ERRNO 800): failed to delete events[fd=6, fd_type=1], it has already been removed
[2023-06-02 15:03:05 #82716.8]	WARNING	ReactorEpoll::del() (ERRNO 800): failed to delete events[fd=6, fd_type=1], it has already been removed
[2023-06-02 15:03:05 #82716.8]	WARNING	ReactorEpoll::del() (ERRNO 800): failed to delete events[fd=6, fd_type=1], it has already been removed
[2023-06-02 15:03:05 #82716.8]	WARNING	ReactorEpoll::del() (ERRNO 800): failed to delete events[fd=6, fd_type=1], it has already been removed
[2023-06-02 15:46:16 #93217.0]	INFO	Server is reloading all workers now
[2023-06-02 15:46:43 #93217.0]	INFO	Server is reloading all workers now
[2023-06-02 15:48:09 #93217.0]	INFO	Server is reloading all workers now
[2023-06-02 15:49:22 #93217.0]	INFO	Server is reloading all workers now
[2023-06-02 15:51:08 #93217.0]	INFO	Server is reloading all workers now
[2023-06-02 15:52:22 #93217.0]	INFO	Server is reloading all workers now
[2023-06-02 15:52:31 #93217.0]	INFO	Server is reloading all workers now
[2023-06-02 15:54:39 #93217.0]	INFO	Server is reloading all workers now
[2023-06-02 15:54:39 #93217.0]	INFO	Server is reloading all workers now
[2023-06-02 15:54:43 #93217.0]	INFO	Server is reloading all workers now
[2023-06-02 15:57:06 #93217.0]	INFO	Server is reloading all workers now
[2023-06-02 15:57:07 #93217.0]	INFO	Server is reloading all workers now
[2023-06-02 15:57:17 #93217.0]	INFO	Server is reloading all workers now
[2023-06-02 15:57:18 #93217.0]	INFO	Server is reloading all workers now
[2023-06-02 15:58:18 #93217.0]	INFO	Server is reloading all workers now
[2023-06-02 15:59:33 #93217.0]	INFO	Server is reloading all workers now
[2023-06-02 16:01:18 #93217.0]	INFO	Server is reloading all workers now
[2023-06-02 16:01:27 #93217.0]	INFO	Server is reloading all workers now
[2023-06-02 16:05:17 #93217.0]	INFO	Server is reloading all workers now
[2023-06-02 16:06:13 #93217.0]	INFO	Server is reloading all workers now
[2023-06-02 16:06:18 #93217.0]	INFO	Server is reloading all workers now
[2023-06-02 16:08:28 #93217.0]	INFO	Server is reloading all workers now
[2023-06-02 16:09:30 #93217.0]	INFO	Server is reloading all workers now
[2023-06-02 16:09:32 #93217.0]	INFO	Server is reloading all workers now
[2023-06-02 16:10:05 #93217.0]	INFO	Server is reloading all workers now
[2023-06-02 16:13:16 #93217.0]	INFO	Server is reloading all workers now
[2023-06-02 16:13:20 #93217.0]	INFO	Server is reloading all workers now
[2023-06-02 16:13:35 #93217.0]	INFO	Server is reloading all workers now
[2023-06-02 16:13:36 #93217.0]	INFO	Server is reloading all workers now
[2023-06-02 16:14:26 #93217.0]	INFO	Server is reloading all workers now
[2023-06-02 16:18:07 #93217.0]	INFO	Server is reloading all workers now
[2023-06-02 16:18:34 #93217.0]	INFO	Server is reloading all workers now
[2023-06-02 16:19:00 #93217.0]	INFO	Server is reloading all workers now
[2023-06-02 16:20:58 #93217.0]	INFO	Server is reloading all workers now
[2023-06-02 16:21:23 #93217.0]	INFO	Server is reloading all workers now
[2023-06-02 16:22:19 #93217.0]	INFO	Server is reloading all workers now
[2023-06-02 16:22:57 #93217.0]	INFO	Server is reloading all workers now
[2023-06-02 16:24:39 #93217.0]	INFO	Server is reloading all workers now
[2023-06-02 16:25:05 #93217.0]	INFO	Server is reloading all workers now
[2023-06-02 16:27:08 #93217.0]	INFO	Server is reloading all workers now
[2023-06-02 16:27:43 #93217.0]	INFO	Server is reloading all workers now
[2023-06-02 16:27:57 #93217.0]	INFO	Server is reloading all workers now
[2023-06-02 16:28:52 #93217.0]	INFO	Server is reloading all workers now
[2023-06-02 16:29:46 #93217.0]	INFO	Server is reloading all workers now
[2023-06-02 16:32:25 #93217.0]	INFO	Server is reloading all workers now
[2023-06-02 16:34:37 #93217.0]	INFO	Server is reloading all workers now
[2023-06-02 16:35:06 #93217.0]	INFO	Server is reloading all workers now
[2023-06-02 16:39:09 #93217.0]	INFO	Server is reloading all workers now
[2023-06-02 16:39:41 #93217.0]	INFO	Server is reloading all workers now
[2023-06-02 16:39:49 #93217.0]	INFO	Server is reloading all workers now
[2023-06-02 16:40:00 #93217.0]	INFO	Server is reloading all workers now
[2023-06-02 16:40:02 #93217.0]	INFO	Server is reloading all workers now
[2023-06-02 16:40:16 #93217.0]	INFO	Server is reloading all workers now
[2023-06-02 16:41:23 #93217.0]	INFO	Server is reloading all workers now
[2023-06-02 16:41:36 #93217.0]	INFO	Server is reloading all workers now
[2023-06-02 16:42:03 #93217.0]	INFO	Server is reloading all workers now
[2023-06-02 16:42:51 #93217.0]	INFO	Server is reloading all workers now
[2023-06-02 16:43:05 #93217.0]	INFO	Server is reloading all workers now
[2023-06-02 16:45:01 #93217.0]	INFO	Server is reloading all workers now
[2023-06-02 16:45:04 #93217.0]	INFO	Server is reloading all workers now
[2023-06-02 16:48:24 #93217.0]	INFO	Server is reloading all workers now
[2023-06-02 16:49:44 #93217.0]	INFO	Server is reloading all workers now
[2023-06-02 16:52:00 #93217.0]	INFO	Server is reloading all workers now
[2023-06-02 16:54:04 #93217.0]	INFO	Server is reloading all workers now
[2023-06-02 16:54:04 #93217.0]	INFO	Server is reloading all workers now
[2023-06-02 16:54:13 #93217.0]	INFO	Server is reloading all workers now
[2023-06-02 16:56:17 #93217.0]	INFO	Server is reloading all workers now
[2023-06-02 16:56:44 #93217.0]	INFO	Server is reloading all workers now
[2023-06-02 17:10:00 #93217.0]	INFO	Server is reloading all workers now
[2023-06-02 17:29:23 #93217.0]	INFO	Server is reloading all workers now
[2023-06-02 17:29:29 #93217.0]	INFO	Server is reloading all workers now
[2023-06-02 17:29:33 #93217.0]	INFO	Server is reloading all workers now
[2023-06-02 17:29:50 #93217.0]	INFO	Server is reloading all workers now
[2023-06-02 17:30:50 #93217.0]	INFO	Server is reloading all workers now
[2023-06-02 17:40:28 #93217.0]	INFO	Server is reloading all workers now
[2023-06-02 17:40:58 #93217.0]	INFO	Server is reloading all workers now
[2023-06-02 17:40:59 #93217.0]	INFO	Server is reloading all workers now
[2023-06-02 17:41:08 #93217.0]	INFO	Server is reloading all workers now
[2023-06-02 17:41:53 #93217.0]	INFO	Server is reloading all workers now
[2023-06-02 17:41:59 #93217.0]	INFO	Server is reloading all workers now
[2023-06-02 17:42:34 #93217.0]	INFO	Server is reloading all workers now
[2023-06-02 17:43:09 #93217.0]	INFO	Server is reloading all workers now
[2023-06-02 17:43:17 #93217.0]	INFO	Server is reloading all workers now
[2023-06-02 17:43:20 #93217.0]	INFO	Server is reloading all workers now
[2023-06-02 17:43:22 #93217.0]	INFO	Server is reloading all workers now
[2023-06-02 17:48:50 #111108.0]	INFO	Server is reloading all workers now
[2023-06-02 17:49:19 #111108.0]	INFO	Server is reloading all workers now
[2023-06-02 17:49:31 #111108.0]	INFO	Server is reloading all workers now
[2023-06-02 18:02:17 #112705.0]	WARNING	Server::check_worker_exit_status(): worker(pid=112724, id=2) abnormal exit, status=0, signal=9
[2023-06-02 18:03:44 #112705.0]	WARNING	Server::check_worker_exit_status(): worker(pid=112903, id=2) abnormal exit, status=0, signal=9
[2023-06-02 18:04:37 #112705.0]	WARNING	Server::check_worker_exit_status(): worker(pid=113116, id=2) abnormal exit, status=0, signal=9
[2023-06-02 18:05:30 #112705.0]	INFO	Server is reloading all workers now
[2023-06-02 18:06:11 #112705.0]	INFO	Server is reloading all workers now
[2023-06-02 18:07:12 #112705.0]	INFO	Server is reloading all workers now
[2023-06-02 18:07:15 #112705.0]	INFO	Server is reloading all workers now
[2023-06-02 18:08:29 #112705.0]	INFO	Server is reloading all workers now
[2023-06-02 18:09:23 #112705.0]	INFO	Server is reloading all workers now
[2023-06-02 18:11:23 #112705.0]	INFO	Server is reloading all workers now
[2023-06-02 18:12:46 #112705.0]	INFO	Server is reloading all workers now
[2023-06-02 18:13:10 #112705.0]	INFO	Server is reloading all workers now
[2023-06-02 18:13:27 #112705.0]	INFO	Server is reloading all workers now
[2023-06-02 18:15:33 #112705.0]	INFO	Server is reloading all workers now
[2023-06-02 18:16:54 #112705.0]	INFO	Server is reloading all workers now
[2023-06-02 18:17:40 #112705.0]	INFO	Server is reloading all workers now
[2023-06-02 18:19:22 #112705.0]	INFO	Server is reloading all workers now
[2023-06-02 18:27:42 #112705.0]	INFO	Server is reloading all workers now
[2023-06-02 18:42:44 #121609.0]	INFO	Server is reloading all workers now
[2023-06-02 18:43:04 #121609.0]	INFO	Server is reloading all workers now
[2023-06-02 18:43:44 #121609.0]	INFO	Server is reloading all workers now
[2023-06-02 18:56:37 #123814.0]	INFO	Server is reloading all workers now
[2023-06-02 18:56:40 #123814.0]	INFO	Server is reloading all workers now
[2023-06-02 18:56:57 #123814.0]	INFO	Server is reloading all workers now
[2023-06-02 18:58:27 #124095.0]	INFO	Server is reloading all workers now
[2023-06-02 19:19:57 #124330.0]	INFO	Server is reloading all workers now
[2023-06-02 19:20:35 #124330.0]	INFO	Server is reloading all workers now
[2023-06-02 19:26:50 #126638.0]	INFO	Server is reloading all workers now
[2023-06-02 19:27:06 #126638.0]	INFO	Server is reloading all workers now
[2023-06-02 19:27:25 #126638.0]	INFO	Server is reloading all workers now
[2023-06-02 19:28:11 #126875.0]	INFO	Server is reloading all workers now
[2023-06-02 19:28:59 #126875.0]	INFO	Server is reloading all workers now
[2023-06-02 19:29:32 #126875.0]	INFO	Server is reloading all workers now
[2023-06-02 19:29:46 #126875.0]	INFO	Server is reloading all workers now
[2023-06-02 19:31:26 #126875.0]	INFO	Server is reloading all workers now
[2023-06-02 19:33:49 #127671.0]	INFO	Server is reloading all workers now
[2023-06-02 19:34:03 #127671.0]	INFO	Server is reloading all workers now
[2023-06-02 19:34:06 #127671.0]	INFO	Server is reloading all workers now
[2023-06-02 19:35:26 #127671.0]	INFO	Server is reloading all workers now
[2023-06-02 19:36:37 #127671.0]	INFO	Server is reloading all workers now
[2023-06-02 19:36:51 #127671.0]	INFO	Server is reloading all workers now
[2023-06-02 19:37:31 #127671.0]	INFO	Server is reloading all workers now
[2023-06-02 19:37:47 #127671.0]	INFO	Server is reloading all workers now
[2023-06-02 19:38:00 #127671.0]	INFO	Server is reloading all workers now
[2023-06-02 19:38:14 #127671.0]	INFO	Server is reloading all workers now
[2023-06-02 19:38:50 #127671.0]	INFO	Server is reloading all workers now
[2023-06-02 19:38:52 #127671.0]	INFO	Server is reloading all workers now
[2023-06-02 19:40:05 #129067.0]	INFO	Server is reloading all workers now
[2023-06-02 19:40:19 #129067.0]	INFO	Server is reloading all workers now
[2023-06-02 19:41:01 #129067.0]	INFO	Server is reloading all workers now
[2023-06-02 19:41:13 #129067.0]	INFO	Server is reloading all workers now
[2023-06-02 19:41:27 #129067.0]	INFO	Server is reloading all workers now
[2023-06-02 19:42:05 #129067.0]	INFO	Server is reloading all workers now
[2023-06-02 19:42:21 #129067.0]	INFO	Server is reloading all workers now
[2023-06-02 19:42:37 #129067.0]	INFO	Server is reloading all workers now
[2023-06-02 19:42:49 #129067.0]	INFO	Server is reloading all workers now
[2023-06-02 19:43:08 #129067.0]	INFO	Server is reloading all workers now
[2023-06-02 19:44:41 #129067.0]	INFO	Server is reloading all workers now
[2023-06-02 19:44:56 #129067.0]	INFO	Server is reloading all workers now
[2023-06-02 19:45:21 #129067.0]	INFO	Server is reloading all workers now
[2023-06-02 19:45:30 #129067.0]	INFO	Server is reloading all workers now
[2023-06-02 19:45:51 #129067.0]	INFO	Server is reloading all workers now
[2023-06-02 19:47:06 #129067.0]	INFO	Server is reloading all workers now
[2023-06-02 19:47:36 #129067.0]	INFO	Server is reloading all workers now
[2023-06-02 19:47:39 #129067.0]	INFO	Server is reloading all workers now
[2023-06-02 19:48:20 #129067.0]	INFO	Server is reloading all workers now
[2023-06-02 19:48:26 #129067.0]	INFO	Server is reloading all workers now
[2023-06-02 19:48:51 #129067.0]	INFO	Server is reloading all workers now
[2023-06-02 19:49:36 #129067.0]	INFO	Server is reloading all workers now
[2023-06-02 19:49:39 #129067.0]	INFO	Server is reloading all workers now
[2023-06-02 19:49:51 #129067.0]	INFO	Server is reloading all workers now
[2023-06-02 19:50:01 #129067.0]	INFO	Server is reloading all workers now
[2023-06-02 19:50:10 #129067.0]	INFO	Server is reloading all workers now
[2023-06-02 19:50:20 #129067.0]	INFO	Server is reloading all workers now
[2023-06-02 19:50:29 #129067.0]	INFO	Server is reloading all workers now
[2023-06-02 19:51:29 #129067.0]	INFO	Server is reloading all workers now
[2023-06-02 19:52:09 #131482.0]	INFO	Server is reloading all workers now
[2023-06-02 19:52:32 #131482.0]	INFO	Server is reloading all workers now
[2023-06-02 19:53:09 #131482.0]	INFO	Server is reloading all workers now
[2023-06-02 19:53:44 #131482.0]	INFO	Server is reloading all workers now
[2023-06-02 19:55:28 #131482.0]	INFO	Server is reloading all workers now
[2023-06-02 19:55:28 ^131971.12]	WARNING	Server::reply_task_result(): Server::finish() can only be used in the worker process
[2023-06-02 19:55:29 ^131972.13]	WARNING	Server::reply_task_result(): Server::finish() can only be used in the worker process
[2023-06-02 19:55:30 ^131973.14]	WARNING	Server::reply_task_result(): Server::finish() can only be used in the worker process
[2023-06-02 19:55:31 ^131974.15]	WARNING	Server::reply_task_result(): Server::finish() can only be used in the worker process
[2023-06-02 19:55:32 ^131967.8]	WARNING	Server::reply_task_result(): Server::finish() can only be used in the worker process
[2023-06-02 19:55:33 ^131968.9]	WARNING	Server::reply_task_result(): Server::finish() can only be used in the worker process
[2023-06-02 19:55:34 ^131969.10]	WARNING	Server::reply_task_result(): Server::finish() can only be used in the worker process
[2023-06-02 19:55:35 ^131970.11]	WARNING	Server::reply_task_result(): Server::finish() can only be used in the worker process
[2023-06-02 19:55:36 ^131971.12]	WARNING	Server::reply_task_result(): Server::finish() can only be used in the worker process
[2023-06-02 19:55:37 #131482.0]	INFO	Server is reloading all workers now
[2023-06-02 19:55:49 #131482.0]	INFO	Server is reloading all workers now
[2023-06-02 19:56:16 #131482.0]	INFO	Server is reloading all workers now
[2023-06-02 19:56:55 #132155.0]	INFO	Server is reloading all workers now
[2023-06-02 19:58:51 #132407.0]	INFO	Server is reloading all workers now
[2023-06-02 19:59:55 #132407.0]	INFO	Server is reloading all workers now
[2023-06-02 20:01:59 #132407.0]	INFO	Server is reloading all workers now
[2023-06-02 20:02:32 #132407.0]	INFO	Server is reloading all workers now
[2023-06-02 20:03:51 #133153.0]	INFO	Server is reloading all workers now
[2023-06-02 20:03:51 #133153.0]	INFO	Server is reloading all workers now
[2023-06-02 20:05:32 #133153.0]	INFO	Server is reloading all workers now
[2023-06-02 20:20:20 #133599.0]	INFO	Server is reloading all workers now
[2023-06-02 20:20:30 #133599.0]	INFO	Server is reloading all workers now
[2023-06-02 20:21:20 #133599.0]	INFO	Server is reloading all workers now
[2023-06-02 20:21:33 #133599.0]	INFO	Server is reloading all workers now
[2023-06-02 20:22:01 #133599.0]	INFO	Server is reloading all workers now
[2023-06-02 20:22:19 #133599.0]	INFO	Server is reloading all workers now
[2023-06-02 20:23:13 #133599.0]	INFO	Server is reloading all workers now
[2023-06-02 20:23:15 #133599.0]	INFO	Server is reloading all workers now
[2023-06-02 20:23:58 #133599.0]	INFO	Server is reloading all workers now
[2023-06-02 20:36:15 #133599.0]	INFO	Server is reloading all workers now
[2023-06-02 20:36:16 ^136694.13]	WARNING	Server::reply_task_result(): Server::finish() can only be used in the worker process
[2023-06-02 20:36:17 ^136695.14]	WARNING	Server::reply_task_result(): Server::finish() can only be used in the worker process
[2023-06-02 20:36:18 ^136696.15]	WARNING	Server::reply_task_result(): Server::finish() can only be used in the worker process
[2023-06-02 20:36:19 ^136689.8]	WARNING	Server::reply_task_result(): Server::finish() can only be used in the worker process
[2023-06-02 20:36:20 ^136690.9]	WARNING	Server::reply_task_result(): Server::finish() can only be used in the worker process
[2023-06-02 20:36:21 ^136691.10]	WARNING	Server::reply_task_result(): Server::finish() can only be used in the worker process
[2023-06-02 20:36:22 ^136692.11]	WARNING	Server::reply_task_result(): Server::finish() can only be used in the worker process
[2023-06-02 20:36:23 ^136693.12]	WARNING	Server::reply_task_result(): Server::finish() can only be used in the worker process
[2023-06-02 20:36:24 ^136694.13]	WARNING	Server::reply_task_result(): Server::finish() can only be used in the worker process
[2023-06-02 20:36:25 ^136695.14]	WARNING	Server::reply_task_result(): Server::finish() can only be used in the worker process
[2023-06-02 20:36:26 ^136696.15]	WARNING	Server::reply_task_result(): Server::finish() can only be used in the worker process
[2023-06-02 20:36:27 ^136689.8]	WARNING	Server::reply_task_result(): Server::finish() can only be used in the worker process
[2023-06-02 20:36:28 ^136690.9]	WARNING	Server::reply_task_result(): Server::finish() can only be used in the worker process
[2023-06-02 20:36:29 ^136691.10]	WARNING	Server::reply_task_result(): Server::finish() can only be used in the worker process
[2023-06-02 20:36:30 ^136692.11]	WARNING	Server::reply_task_result(): Server::finish() can only be used in the worker process
[2023-06-02 20:36:31 ^136693.12]	WARNING	Server::reply_task_result(): Server::finish() can only be used in the worker process
[2023-06-02 20:36:32 ^136694.13]	WARNING	Server::reply_task_result(): Server::finish() can only be used in the worker process
[2023-06-02 20:36:33 ^136695.14]	WARNING	Server::reply_task_result(): Server::finish() can only be used in the worker process
[2023-06-02 20:36:34 ^136696.15]	WARNING	Server::reply_task_result(): Server::finish() can only be used in the worker process
[2023-06-02 20:36:35 ^136689.8]	WARNING	Server::reply_task_result(): Server::finish() can only be used in the worker process
[2023-06-02 20:36:36 ^136690.9]	WARNING	Server::reply_task_result(): Server::finish() can only be used in the worker process
[2023-06-02 20:36:37 ^136691.10]	WARNING	Server::reply_task_result(): Server::finish() can only be used in the worker process
[2023-06-02 20:36:38 ^136692.11]	WARNING	Server::reply_task_result(): Server::finish() can only be used in the worker process
[2023-06-02 20:36:39 ^136693.12]	WARNING	Server::reply_task_result(): Server::finish() can only be used in the worker process
[2023-06-02 20:36:40 ^136694.13]	WARNING	Server::reply_task_result(): Server::finish() can only be used in the worker process
[2023-06-02 20:36:41 ^136695.14]	WARNING	Server::reply_task_result(): Server::finish() can only be used in the worker process
[2023-06-02 20:36:42 ^136696.15]	WARNING	Server::reply_task_result(): Server::finish() can only be used in the worker process
[2023-06-02 20:36:43 ^136689.8]	WARNING	Server::reply_task_result(): Server::finish() can only be used in the worker process
[2023-06-02 20:36:44 ^136690.9]	WARNING	Server::reply_task_result(): Server::finish() can only be used in the worker process
[2023-06-02 20:36:45 ^136691.10]	WARNING	Server::reply_task_result(): Server::finish() can only be used in the worker process
[2023-06-02 20:36:46 ^136692.11]	WARNING	Server::reply_task_result(): Server::finish() can only be used in the worker process
[2023-06-02 20:36:47 ^136693.12]	WARNING	Server::reply_task_result(): Server::finish() can only be used in the worker process
[2023-06-02 20:36:48 ^136694.13]	WARNING	Server::reply_task_result(): Server::finish() can only be used in the worker process
[2023-06-02 20:36:49 ^136695.14]	WARNING	Server::reply_task_result(): Server::finish() can only be used in the worker process
[2023-06-02 20:36:50 ^136696.15]	WARNING	Server::reply_task_result(): Server::finish() can only be used in the worker process
[2023-06-02 20:36:51 ^136689.8]	WARNING	Server::reply_task_result(): Server::finish() can only be used in the worker process
[2023-06-02 20:36:52 ^136690.9]	WARNING	Server::reply_task_result(): Server::finish() can only be used in the worker process
[2023-06-02 20:36:53 ^136691.10]	WARNING	Server::reply_task_result(): Server::finish() can only be used in the worker process
[2023-06-02 20:36:54 ^136692.11]	WARNING	Server::reply_task_result(): Server::finish() can only be used in the worker process
[2023-06-02 20:36:55 ^136693.12]	WARNING	Server::reply_task_result(): Server::finish() can only be used in the worker process
[2023-06-02 20:36:56 ^136694.13]	WARNING	Server::reply_task_result(): Server::finish() can only be used in the worker process
[2023-06-02 20:36:57 ^136695.14]	WARNING	Server::reply_task_result(): Server::finish() can only be used in the worker process
[2023-06-02 20:36:58 ^136696.15]	WARNING	Server::reply_task_result(): Server::finish() can only be used in the worker process
[2023-06-02 20:36:59 ^136689.8]	WARNING	Server::reply_task_result(): Server::finish() can only be used in the worker process
[2023-06-02 20:37:00 ^136690.9]	WARNING	Server::reply_task_result(): Server::finish() can only be used in the worker process
[2023-06-02 20:37:01 ^136691.10]	WARNING	Server::reply_task_result(): Server::finish() can only be used in the worker process
[2023-06-02 20:37:02 ^136692.11]	WARNING	Server::reply_task_result(): Server::finish() can only be used in the worker process
[2023-06-02 20:37:03 ^136693.12]	WARNING	Server::reply_task_result(): Server::finish() can only be used in the worker process
[2023-06-02 20:37:04 ^136694.13]	WARNING	Server::reply_task_result(): Server::finish() can only be used in the worker process
[2023-06-02 20:37:05 ^136695.14]	WARNING	Server::reply_task_result(): Server::finish() can only be used in the worker process
[2023-06-02 20:37:06 ^136696.15]	WARNING	Server::reply_task_result(): Server::finish() can only be used in the worker process
[2023-06-02 20:37:07 ^136689.8]	WARNING	Server::reply_task_result(): Server::finish() can only be used in the worker process
[2023-06-02 20:37:08 ^136690.9]	WARNING	Server::reply_task_result(): Server::finish() can only be used in the worker process
[2023-06-02 20:37:09 ^136691.10]	WARNING	Server::reply_task_result(): Server::finish() can only be used in the worker process
[2023-06-02 20:37:10 ^136692.11]	WARNING	Server::reply_task_result(): Server::finish() can only be used in the worker process
[2023-06-02 20:37:11 ^136693.12]	WARNING	Server::reply_task_result(): Server::finish() can only be used in the worker process
[2023-06-02 20:37:12 ^136694.13]	WARNING	Server::reply_task_result(): Server::finish() can only be used in the worker process
[2023-06-02 20:37:13 ^136695.14]	WARNING	Server::reply_task_result(): Server::finish() can only be used in the worker process
[2023-06-02 20:37:14 ^136696.15]	WARNING	Server::reply_task_result(): Server::finish() can only be used in the worker process
[2023-06-02 20:37:15 ^136689.8]	WARNING	Server::reply_task_result(): Server::finish() can only be used in the worker process
[2023-06-02 20:37:16 ^136690.9]	WARNING	Server::reply_task_result(): Server::finish() can only be used in the worker process
[2023-06-02 20:37:17 ^136691.10]	WARNING	Server::reply_task_result(): Server::finish() can only be used in the worker process
[2023-06-02 20:37:18 ^136692.11]	WARNING	Server::reply_task_result(): Server::finish() can only be used in the worker process
